[24Feb2026 00:19:08.618] [main/INFO] [cpw.mods.modlauncher.Launcher/MODLAUNCHER]: ModLauncher running: args [--launchTarget, forgeclientdev, --version, 21.1.219, --assetIndex, 17, --assetsDir, C:\\Users\\Cole\\.gradle\\caches\\neoformruntime\\assets, --gameDir, ., --fml.fmlVersion, 4.0.42, --fml.mcVersion, 1.21.1, --fml.neoForgeVersion, 21.1.219, --fml.neoFormVersion, 20240808.144430]
[24Feb2026 00:19:08.624] [main/INFO] [cpw.mods.modlauncher.Launcher/MODLAUNCHER]: JVM identified as Eclipse Adoptium OpenJDK 64-Bit Server VM 21.0.6+7-LTS
[24Feb2026 00:19:08.626] [main/INFO] [cpw.mods.modlauncher.Launcher/MODLAUNCHER]: ModLauncher 11.0.5+main.901c6ea8 starting: java version 21.0.6 by Eclipse Adoptium; OS Windows 11 arch amd64 version 10.0
[24Feb2026 00:19:08.790] [main/INFO] [net.neoforged.fml.loading.ImmediateWindowHandler/]: Loading ImmediateWindowProvider fmlearlywindow
[24Feb2026 00:19:09.161] [main/INFO] [EARLYDISPLAY/]: Trying GL version 4.6
[24Feb2026 00:19:09.440] [main/INFO] [EARLYDISPLAY/]: Requested GL version 4.6 got version 4.6
[24Feb2026 00:19:09.707] [main/INFO] [mixin/]: SpongePowered MIXIN Subsystem Version=0.8.7 Source=union:/C:/Users/Cole/.gradle/caches/modules-2/files-2.1/net.fabricmc/sponge-mixin/0.15.2+mixin.0.8.7/2af2f021d8e02a0220dc27a7a72b4666d66d44ca/sponge-mixin-0.15.2+mixin.0.8.7.jar%23138!/ Service=ModLauncher Env=CLIENT
[24Feb2026 00:19:10.102] [pool-2-thread-1/INFO] [EARLYDISPLAY/]: GL info: NVIDIA GeForce RTX 3060/PCIe/SSE2 GL version 4.6.0 NVIDIA 577.00, NVIDIA Corporation
[24Feb2026 00:19:10.569] [main/WARN] [net.neoforged.jarjar.selection.JarSelector/]: Attempted to select a dependency jar for JarJar which was passed in as source: flywheel. Using Mod File: C:\Users\Cole\.gradle\caches\modules-2\files-2.1\dev.engine-room.flywheel\flywheel-neoforge-1.21.1\1.0.4\47fe9da825b4479bbac55d6432d5932ee76f32f0\flywheel-neoforge-1.21.1-1.0.4.jar
[24Feb2026 00:19:10.569] [main/WARN] [net.neoforged.jarjar.selection.JarSelector/]: Attempted to select a dependency jar for JarJar which was passed in as source: ponder. Using Mod File: C:\Users\Cole\.gradle\caches\modules-2\files-2.1\net.createmod.ponder\Ponder-NeoForge-1.21.1\1.0.56\bd9b06641eb1be80f676099f49b9611465cf9e4b\Ponder-NeoForge-1.21.1-1.0.56.jar
[24Feb2026 00:19:10.570] [main/WARN] [net.neoforged.jarjar.selection.JarSelector/]: Attempted to select a dependency jar for JarJar which was passed in as source: library:Registrate.MC1._21._62. Using Mod File: C:\Users\Cole\.gradle\caches\modules-2\files-2.1\com.tterrag.registrate\Registrate\MC1.21-1.3.0+62\e8ca9c96f9e3535e4dbf2e57699e0d1c7783fec2\Registrate-MC1.21-1.3.0+62.jar
[24Feb2026 00:19:10.570] [main/INFO] [net.neoforged.fml.loading.moddiscovery.locators.JarInJarDependencyLocator/]: Found 2 dependencies adding them to mods collection
[24Feb2026 00:19:10.572] [main/INFO] [net.neoforged.fml.loading.moddiscovery.ModDiscoverer/]: 
     Mod List:
		Name Version (Mod Id)

		Create 6.0.6 (create)
		Flywheel 1.0.4 (flywheel)
		Minecraft 1.21.1 (minecraft)
		NeoForge 21.1.219 (neoforge)
		Ponder 1.0.56 (ponder)
		Satisfactory 1.0-SNAPSHOT (satisfactory)
[24Feb2026 00:19:12.028] [main/INFO] [mixin/]: Compatibility level set to JAVA_21
[24Feb2026 00:19:12.049] [main/INFO] [cpw.mods.modlauncher.LaunchServiceHandler/MODLAUNCHER]: Launching target 'forgeclientdev' with arguments [--version, 21.1.219, --gameDir, ., --assetsDir, C:\Users\Cole\.gradle\caches\neoformruntime\assets, --assetIndex, 17]
[24Feb2026 00:19:12.145] [main/WARN] [mixin/]: Reference map 'ponder.refmap.json' for ponder.mixins.json could not be read. If this is a development environment you can ignore this message
[24Feb2026 00:19:12.146] [main/WARN] [mixin/]: Reference map 'ponder.refmap.json' for ponder-common.mixins.json could not be read. If this is a development environment you can ignore this message
[24Feb2026 00:19:12.147] [main/WARN] [mixin/]: Reference map 'create.refmap.json' for create.mixins.json could not be read. If this is a development environment you can ignore this message
[24Feb2026 00:19:12.777] [main/INFO] [MixinExtras|Service/]: Initializing MixinExtras via com.llamalad7.mixinextras.service.MixinExtrasServiceImpl(version=0.5.0).
[24Feb2026 00:19:15.107] [Datafixer Bootstrap/INFO] [com.mojang.datafixers.DataFixerBuilder/]: 229 Datafixer optimizations took 504 milliseconds
[24Feb2026 00:19:15.255] [main/WARN] [oshi.driver.windows.perfmon.PerfmonDisabled/]: Invalid registry value type detected for PerfOS counters. Should be REG_DWORD. Ignoring: HKEY_LOCAL_MACHINE\SYSTEM\CurrentControlSet\Services\PerfOS\Performance\Disable Performance Counters.
[24Feb2026 00:19:22.889] [main/WARN] [net.minecraft.commands.Commands/]: Ambiguity between arguments [teleport, location] and [teleport, destination] with inputs: [0.1 -0.5 .9, 0 0 0]
[24Feb2026 00:19:22.891] [main/WARN] [net.minecraft.commands.Commands/]: Ambiguity between arguments [teleport, location] and [teleport, targets] with inputs: [0.1 -0.5 .9, 0 0 0]
[24Feb2026 00:19:22.897] [main/WARN] [net.minecraft.commands.Commands/]: Ambiguity between arguments [teleport, destination] and [teleport, targets] with inputs: [Player, 0123, @e, dd12be42-52a9-4a91-a8a1-11c01849e498]
[24Feb2026 00:19:22.900] [main/WARN] [net.minecraft.commands.Commands/]: Ambiguity between arguments [teleport, targets] and [teleport, destination] with inputs: [Player, 0123, dd12be42-52a9-4a91-a8a1-11c01849e498]
[24Feb2026 00:19:22.902] [main/WARN] [net.minecraft.commands.Commands/]: Ambiguity between arguments [teleport, targets, location] and [teleport, targets, destination] with inputs: [0.1 -0.5 .9, 0 0 0]
[24Feb2026 00:19:23.088] [Render thread/WARN] [net.minecraft.server.packs.VanillaPackResourcesBuilder/]: Assets URL 'union:/D:/MC%20Mods%20Custom/Satisfactory/build/moddev/artifacts/neoforge-21.1.219.jar%23189!/assets/.mcassetsroot' uses unexpected schema
[24Feb2026 00:19:23.088] [Render thread/WARN] [net.minecraft.server.packs.VanillaPackResourcesBuilder/]: Assets URL 'union:/D:/MC%20Mods%20Custom/Satisfactory/build/moddev/artifacts/neoforge-21.1.219.jar%23189!/data/.mcassetsroot' uses unexpected schema
[24Feb2026 00:19:23.126] [Render thread/INFO] [com.mojang.authlib.yggdrasil.YggdrasilAuthenticationService/]: Environment: Environment[sessionHost=https://sessionserver.mojang.com, servicesHost=https://api.minecraftservices.com, name=PROD]
[24Feb2026 00:19:23.142] [Render thread/INFO] [net.minecraft.client.Minecraft/]: Setting user: Dev
[24Feb2026 00:19:23.251] [Render thread/INFO] [net.minecraft.client.Minecraft/]: Backend library: LWJGL version 3.3.3+5
[24Feb2026 00:19:23.557] [modloading-worker-0/INFO] [net.neoforged.neoforge.common.NeoForgeMod/NEOFORGE-MOD]: NeoForge mod loading, version 21.1.219, for MC 1.21.1
[24Feb2026 00:19:23.640] [modloading-worker-0/INFO] [com.simibubi.create.Create/]: Create 6.0.6 initializing! Commit hash: 9815b324b0976facadacb0071cf77a4d71eb3dcf
[24Feb2026 00:19:27.592] [Render thread/INFO] [net.neoforged.neoforge.gametest.GameTestHooks/]: Enabled Gametest Namespaces: [satisfactory]
[24Feb2026 00:19:27.956] [Render thread/INFO] [net.minecraft.server.packs.resources.ReloadableResourceManager/]: Reloading ResourceManager: vanilla, mod_resources, mod/flywheel, mod/satisfactory, mod/ponder, mod/create, mod/neoforge
[24Feb2026 00:19:27.970] [Worker-Main-2/INFO] [com.troller2705.satisfactory.Satisfactory/]: HELLO FROM COMMON SETUP
[24Feb2026 00:19:27.970] [Worker-Main-2/INFO] [com.troller2705.satisfactory.Satisfactory/]: DIRT BLOCK >> minecraft:dirt
[24Feb2026 00:19:27.970] [Worker-Main-2/INFO] [com.troller2705.satisfactory.Satisfactory/]: The magic number is... 42
[24Feb2026 00:19:27.971] [Worker-Main-2/INFO] [com.troller2705.satisfactory.Satisfactory/]: ITEM >> minecraft:iron_ingot
[24Feb2026 00:19:28.107] [Worker-Main-10/INFO] [net.minecraft.client.gui.font.providers.UnihexProvider/]: Found unifont_all_no_pua-15.1.05.hex, loading
[24Feb2026 00:19:28.416] [Worker-Main-2/INFO] [net.minecraft.client.gui.font.providers.UnihexProvider/]: Found unifont_jp_patch-15.1.05.hex, loading
[24Feb2026 00:19:28.644] [Worker-Main-3/INFO] [com.troller2705.satisfactory.Satisfactory/]: HELLO FROM CLIENT SETUP
[24Feb2026 00:19:28.645] [Worker-Main-3/INFO] [com.troller2705.satisfactory.Satisfactory/]: MINECRAFT NAME >> Dev
[24Feb2026 00:19:29.737] [Worker-Main-4/WARN] [net.minecraft.client.resources.model.BlockStateModelLoader/]: Exception loading blockstate definition: 'satisfactory:blockstates/example_block.json' missing model for variant: 'satisfactory:example_block#'
[24Feb2026 00:19:30.005] [Worker-Main-4/WARN] [net.minecraft.client.resources.model.ModelBakery/]: Unable to load model: 'satisfactory:item/example_item' referenced from: satisfactory:item/example_item: java.io.FileNotFoundException: satisfactory:models/item/example_item.json
[24Feb2026 00:19:30.009] [Worker-Main-4/WARN] [net.minecraft.client.resources.model.ModelBakery/]: Unable to load model: 'satisfactory:item/example_block' referenced from: satisfactory:item/example_block: java.io.FileNotFoundException: satisfactory:models/item/example_block.json
[24Feb2026 00:19:31.632] [Worker-Main-1/INFO] [PonderIndex/]: Registering Ponder Scenes took 113.8 ms
[24Feb2026 00:19:31.641] [Worker-Main-1/INFO] [PonderIndex/]: Registering Ponder Tags took 8.125 ms
[24Feb2026 00:19:31.813] [Render thread/WARN] [net.minecraft.client.sounds.SoundEngine/]: Missing sound for event: minecraft:item.goat_horn.play
[24Feb2026 00:19:31.813] [Render thread/WARN] [net.minecraft.client.sounds.SoundEngine/]: Missing sound for event: minecraft:entity.goat.screaming.horn_break
[24Feb2026 00:19:31.909] [Render thread/INFO] [com.mojang.blaze3d.audio.Library/]: OpenAL initialized on device OpenAL Soft on Voicemeeter VAIO3 Input (VB-Audio Voicemeeter VAIO)
[24Feb2026 00:19:31.911] [Render thread/INFO] [net.minecraft.client.sounds.SoundEngine/SOUNDS]: Sound engine started
[24Feb2026 00:19:32.122] [Render thread/INFO] [net.minecraft.client.renderer.texture.TextureAtlas/]: Created: 2048x1024x4 minecraft:textures/atlas/blocks.png-atlas
[24Feb2026 00:19:32.161] [Render thread/INFO] [net.minecraft.client.renderer.texture.TextureAtlas/]: Created: 256x256x4 minecraft:textures/atlas/signs.png-atlas
[24Feb2026 00:19:32.163] [Render thread/INFO] [net.minecraft.client.renderer.texture.TextureAtlas/]: Created: 512x512x4 minecraft:textures/atlas/shield_patterns.png-atlas
[24Feb2026 00:19:32.165] [Render thread/INFO] [net.minecraft.client.renderer.texture.TextureAtlas/]: Created: 512x512x4 minecraft:textures/atlas/banner_patterns.png-atlas
[24Feb2026 00:19:32.167] [Render thread/INFO] [net.minecraft.client.renderer.texture.TextureAtlas/]: Created: 2048x1024x4 minecraft:textures/atlas/armor_trims.png-atlas
[24Feb2026 00:19:32.187] [Render thread/INFO] [net.minecraft.client.renderer.texture.TextureAtlas/]: Created: 256x256x4 minecraft:textures/atlas/chest.png-atlas
[24Feb2026 00:19:32.187] [Render thread/INFO] [net.minecraft.client.renderer.texture.TextureAtlas/]: Created: 128x64x4 minecraft:textures/atlas/decorated_pot.png-atlas
[24Feb2026 00:19:32.189] [Render thread/INFO] [net.minecraft.client.renderer.texture.TextureAtlas/]: Created: 512x256x4 minecraft:textures/atlas/beds.png-atlas
[24Feb2026 00:19:32.189] [Render thread/INFO] [net.minecraft.client.renderer.texture.TextureAtlas/]: Created: 512x256x4 minecraft:textures/atlas/shulker_boxes.png-atlas
[24Feb2026 00:19:32.315] [Render thread/INFO] [net.minecraft.client.renderer.texture.TextureAtlas/]: Created: 512x256x0 minecraft:textures/atlas/particles.png-atlas
[24Feb2026 00:19:32.317] [Render thread/INFO] [net.minecraft.client.renderer.texture.TextureAtlas/]: Created: 512x256x0 minecraft:textures/atlas/paintings.png-atlas
[24Feb2026 00:19:32.318] [Render thread/INFO] [net.minecraft.client.renderer.texture.TextureAtlas/]: Created: 256x128x0 minecraft:textures/atlas/mob_effects.png-atlas
[24Feb2026 00:19:32.318] [Render thread/INFO] [net.minecraft.client.renderer.texture.TextureAtlas/]: Created: 64x64x0 minecraft:textures/atlas/map_decorations.png-atlas
[24Feb2026 00:19:32.319] [Render thread/INFO] [net.minecraft.client.renderer.texture.TextureAtlas/]: Created: 1024x512x0 minecraft:textures/atlas/gui.png-atlas
[24Feb2026 00:19:32.359] [Render thread/WARN] [net.minecraft.client.renderer.ShaderInstance/]: Shader rendertype_entity_translucent_emissive could not find sampler named Sampler2 in the specified shader program.
[24Feb2026 00:19:32.455] [Render thread/INFO] [flywheel/backend/shaders/]: Loaded 77 shader sources in 25.364 ms
[24Feb2026 00:19:32.490] [Render thread/INFO] [com.simibubi.create.Create/]: Loaded 58 train hat configurations.
[24Feb2026 00:19:32.491] [Render thread/INFO] [net.neoforged.neoforge.client.entity.animation.json.AnimationLoader/]: Loaded 0 entity animations
[24Feb2026 00:20:07.046] [Render thread/INFO] [com.simibubi.create.Create/]: Created 157 recipes which will be injected into the game
[24Feb2026 00:20:07.049] [Render thread/INFO] [com.simibubi.create.Create/]: Created 0 tags which will be injected into the game
[24Feb2026 00:20:07.071] [Render thread/INFO] [net.minecraft.server.MinecraftServer/]: Found new data pack create:dynamic_data, loading it automatically
[24Feb2026 00:20:08.184] [Render thread/INFO] [net.minecraft.world.item.crafting.RecipeManager/]: Loaded 2781 recipes
[24Feb2026 00:20:08.388] [Render thread/INFO] [net.minecraft.advancements.AdvancementTree/]: Loaded 2475 advancements
[24Feb2026 00:20:27.776] [Render thread/INFO] [com.simibubi.create.Create/]: Created 157 recipes which will be injected into the game
[24Feb2026 00:20:27.777] [Render thread/INFO] [com.simibubi.create.Create/]: Created 0 tags which will be injected into the game
[24Feb2026 00:20:27.883] [Server thread/INFO] [net.minecraft.client.server.IntegratedServer/]: Starting integrated minecraft server version 1.21.1
[24Feb2026 00:20:27.884] [Server thread/INFO] [net.minecraft.server.MinecraftServer/]: Generating keypair
[24Feb2026 00:20:30.981] [Server thread/INFO] [net.minecraft.server.MinecraftServer/]: Preparing start region for dimension minecraft:overworld
[24Feb2026 00:20:31.038] [progressListener/INFO] [net.minecraft.server.level.progress.LoggerChunkProgressListener/]: Preparing spawn area: 2%
[24Feb2026 00:20:31.536] [progressListener/INFO] [net.minecraft.server.level.progress.LoggerChunkProgressListener/]: Preparing spawn area: 2%
[24Feb2026 00:20:32.001] [progressListener/INFO] [net.minecraft.server.level.progress.LoggerChunkProgressListener/]: Preparing spawn area: 2%
[24Feb2026 00:20:32.488] [progressListener/INFO] [net.minecraft.server.level.progress.LoggerChunkProgressListener/]: Preparing spawn area: 2%
[24Feb2026 00:20:32.991] [progressListener/INFO] [net.minecraft.server.level.progress.LoggerChunkProgressListener/]: Preparing spawn area: 18%
[24Feb2026 00:20:33.497] [progressListener/INFO] [net.minecraft.server.level.progress.LoggerChunkProgressListener/]: Preparing spawn area: 34%
[24Feb2026 00:20:33.989] [progressListener/INFO] [net.minecraft.server.level.progress.LoggerChunkProgressListener/]: Preparing spawn area: 51%
[24Feb2026 00:20:34.495] [progressListener/INFO] [net.minecraft.server.level.progress.LoggerChunkProgressListener/]: Preparing spawn area: 51%
[24Feb2026 00:20:34.641] [Server thread/INFO] [net.neoforged.neoforge.server.permission.PermissionAPI/]: Successfully initialized permission handler neoforge:default_handler
[24Feb2026 00:20:34.642] [Server thread/INFO] [com.troller2705.satisfactory.Satisfactory/]: HELLO from server starting
[24Feb2026 00:20:34.648] [progressListener/INFO] [net.minecraft.server.level.progress.LoggerChunkProgressListener/]: Time elapsed: 3664 ms
[24Feb2026 00:20:34.706] [Server thread/INFO] [net.minecraft.client.server.IntegratedServer/]: Changing view distance to 12, from 10
[24Feb2026 00:20:34.707] [Server thread/INFO] [net.minecraft.client.server.IntegratedServer/]: Changing simulation distance to 12, from 0
[24Feb2026 00:20:35.241] [Render thread/INFO] [com.simibubi.create.Create/]: Created 157 recipes which will be injected into the game
[24Feb2026 00:20:35.243] [Render thread/INFO] [com.simibubi.create.Create/]: Created 0 tags which will be injected into the game
[24Feb2026 00:20:35.828] [Server thread/INFO] [net.minecraft.server.players.PlayerList/]: Dev[local:E:77dfcc5d] logged in with entity id 31 at (3.5, 69.0, -0.5)
[24Feb2026 00:20:35.962] [Server thread/INFO] [net.minecraft.server.MinecraftServer/]: Dev joined the game
[24Feb2026 00:20:36.068] [Render thread/INFO] [flywheel/]: Started 6 worker threads
[24Feb2026 00:20:36.616] [Render thread/INFO] [net.minecraft.advancements.AdvancementTree/]: Loaded 2 advancements
[24Feb2026 00:20:37.283] [Server thread/INFO] [net.minecraft.client.server.IntegratedServer/]: Saving and pausing game...
[24Feb2026 00:20:37.318] [Server thread/INFO] [net.minecraft.server.MinecraftServer/]: Saving chunks for level 'ServerLevel[New World]'/minecraft:overworld
[24Feb2026 00:20:37.331] [Server thread/INFO] [net.minecraft.server.MinecraftServer/]: Saving chunks for level 'ServerLevel[New World]'/minecraft:the_end
[24Feb2026 00:20:37.331] [Server thread/INFO] [net.minecraft.server.MinecraftServer/]: Saving chunks for level 'ServerLevel[New World]'/minecraft:the_nether
[24Feb2026 00:22:30.388] [Server thread/WARN] [net.minecraft.server.MinecraftServer/]: Can't keep up! Is the server overloaded? Running 2140ms or 42 ticks behind
[24Feb2026 00:22:40.180] [Server thread/INFO] [net.minecraft.client.server.IntegratedServer/]: Saving and pausing game...
[24Feb2026 00:22:40.229] [Server thread/INFO] [net.minecraft.server.MinecraftServer/]: Saving chunks for level 'ServerLevel[New World]'/minecraft:overworld
[24Feb2026 00:22:41.459] [Server thread/INFO] [net.minecraft.server.MinecraftServer/]: Saving chunks for level 'ServerLevel[New World]'/minecraft:the_end
[24Feb2026 00:22:41.461] [Server thread/INFO] [net.minecraft.server.MinecraftServer/]: Saving chunks for level 'ServerLevel[New World]'/minecraft:the_nether
[24Feb2026 00:43:26.594] [Server thread/INFO] [net.minecraft.server.network.ServerGamePacketListenerImpl/]: Dev lost connection: Disconnected
[24Feb2026 00:43:26.606] [Server thread/INFO] [net.minecraft.server.MinecraftServer/]: Dev left the game
[24Feb2026 00:43:26.644] [Server thread/INFO] [net.minecraft.server.network.ServerCommonPacketListenerImpl/]: Stopping singleplayer server as player logged out
[24Feb2026 00:43:26.771] [Server thread/INFO] [net.minecraft.server.MinecraftServer/]: Stopping server
[24Feb2026 00:43:26.776] [Server thread/INFO] [net.minecraft.server.MinecraftServer/]: Saving players
[24Feb2026 00:43:26.777] [Server thread/INFO] [net.minecraft.server.MinecraftServer/]: Saving worlds
[24Feb2026 00:43:33.877] [Server thread/INFO] [net.minecraft.server.MinecraftServer/]: Saving chunks for level 'ServerLevel[New World]'/minecraft:overworld
[24Feb2026 00:43:34.014] [Server thread/INFO] [net.minecraft.server.MinecraftServer/]: Saving chunks for level 'ServerLevel[New World]'/minecraft:the_end
[24Feb2026 00:43:34.029] [Server thread/INFO] [net.minecraft.server.MinecraftServer/]: Saving chunks for level 'ServerLevel[New World]'/minecraft:the_nether
[24Feb2026 00:43:34.066] [Server thread/INFO] [net.minecraft.server.MinecraftServer/]: ThreadedAnvilChunkStorage (New World): All chunks are saved
[24Feb2026 00:43:34.066] [Server thread/INFO] [net.minecraft.server.MinecraftServer/]: ThreadedAnvilChunkStorage (DIM1): All chunks are saved
[24Feb2026 00:43:34.066] [Server thread/INFO] [net.minecraft.server.MinecraftServer/]: ThreadedAnvilChunkStorage (DIM-1): All chunks are saved
[24Feb2026 00:43:34.067] [Server thread/INFO] [net.minecraft.server.MinecraftServer/]: ThreadedAnvilChunkStorage: All dimensions are saved
[24Feb2026 00:43:38.451] [Render thread/INFO] [net.minecraft.client.Minecraft/]: Stopping!
